<?xml version="1.0" encoding="UTF-8"?>
<!-- Generated by org.testng.reporters.JUnitReportReporter -->
<testsuite hostname="Johnny-ПК" name="com.epam.tests.RefrigiratorTest" tests="2" failures="0" timestamp="7 Nov 2013 20:53:06 GMT" time="64.385" errors="0">
  <testcase name="orderPrice" time="54.614" classname="com.epam.tests.RefrigiratorTest"/>
  <testcase name="orderName" time="9.771" classname="com.epam.tests.RefrigiratorTest"/>
</testsuite> <!-- com.epam.tests.RefrigiratorTest -->
