<?xml version="1.0" encoding="UTF-8"?>
<!-- Generated by org.testng.reporters.JUnitReportReporter -->
<testsuite hostname="EPUAKHAW0480" name="com.epam.tests.ConditionerTest" tests="1" failures="0" timestamp="8 Nov 2013 09:01:49 GMT" time="143.445" errors="0">
  <testcase name="conditioner" time="143.445" classname="com.epam.tests.ConditionerTest"/>
</testsuite> <!-- com.epam.tests.ConditionerTest -->
